<?xml version="1.0" encoding="UTF-8"?>
<testng-results skipped="0" failed="0" ignored="0" total="1" passed="1">
  <reporter-output>
    <line>
      <![CDATA[hello]]>
    </line>
    <line>
      <![CDATA[hello]]>
    </line>
    <line>
      <![CDATA[hello]]>
    </line>
    <line>
      <![CDATA[hello]]>
    </line>
    <line>
      <![CDATA[hello]]>
    </line>
    <line>
      <![CDATA[hello]]>
    </line>
  </reporter-output>
  <suite name="Suite" duration-ms="149" started-at="2020-08-10T15:42:06 IST" finished-at="2020-08-10T15:42:06 IST">
    <groups>
    </groups>
    <test name="Test" duration-ms="149" started-at="2020-08-10T15:42:06 IST" finished-at="2020-08-10T15:42:06 IST">
      <class name="actitime.Demo">
        <test-method status="PASS" signature="demo()[pri:0, instance:actitime.Demo@1877ab81]" name="demo" duration-ms="23" started-at="2020-08-10T15:42:06 IST" finished-at="2020-08-10T15:42:06 IST">
          <reporter-output>
            <line>
              <![CDATA[hello]]>
            </line>
            <line>
              <![CDATA[hello]]>
            </line>
            <line>
              <![CDATA[hello]]>
            </line>
            <line>
              <![CDATA[hello]]>
            </line>
            <line>
              <![CDATA[hello]]>
            </line>
            <line>
              <![CDATA[hello]]>
            </line>
          </reporter-output>
        </test-method> <!-- demo -->
      </class> <!-- actitime.Demo -->
    </test> <!-- Test -->
  </suite> <!-- Suite -->
</testng-results>
